<?xml version="1.0" encoding="UTF-8"?>
<!-- Generated by org.testng.reporters.JUnitReportReporter -->
<testsuite hostname="Amiruls-MacBook-Pro.local" failures="0" tests="1" name="TestCasePackageAdvance.TC006_Scroll" time="32.422" errors="0" timestamp="2022-07-13T03:41:43 BDT" skipped="0">
  <testcase classname="TestCasePackageAdvance.TC006_Scroll" name="scrollBottomTopSpecificIteam" time="32.422"/>
  <system-out/>
</testsuite> <!-- TestCasePackageAdvance.TC006_Scroll -->
