<?xml version="1.0" encoding="UTF-8"?>
<!-- Generated by org.testng.reporters.JUnitReportReporter -->
<testsuite hostname="Amiruls-MacBook-Pro.local" failures="0" tests="1" name="TestCasePackageAdvance.TC001_LocatorAdvanceTestCase" time="30.697" errors="0" timestamp="2022-07-13T03:41:43 BDT" skipped="0">
  <testcase classname="TestCasePackageAdvance.TC001_LocatorAdvanceTestCase" name="Locator" time="30.697"/>
  <system-out/>
</testsuite> <!-- TestCasePackageAdvance.TC001_LocatorAdvanceTestCase -->
