<?xml version="1.0" encoding="UTF-8"?>
<!-- Generated by org.testng.reporters.JUnitReportReporter -->
<testsuite hostname="Amiruls-MacBook-Pro.local" failures="0" tests="1" name="TestCasePackageAdvance.TC004_DropDown" time="28.452" errors="0" timestamp="2022-07-13T03:41:43 BDT" skipped="0">
  <testcase classname="TestCasePackageAdvance.TC004_DropDown" name="selectValueFromDropDown" time="28.452"/>
  <system-out/>
</testsuite> <!-- TestCasePackageAdvance.TC004_DropDown -->
