<?xml version="1.0" encoding="UTF-8"?>
<!-- Generated by org.testng.reporters.JUnitReportReporter -->
<testsuite hostname="Amiruls-MacBook-Pro.local" failures="0" tests="2" name="TestCasePackageAdvance.TC003_PageTitleAndSecuredPage" time="21.330" errors="0" timestamp="2022-07-13T03:41:43 BDT" skipped="0">
  <testcase classname="TestCasePackageAdvance.TC003_PageTitleAndSecuredPage" name="verifySecurity" time="7.747"/>
  <system-out/>
  <testcase classname="TestCasePackageAdvance.TC003_PageTitleAndSecuredPage" name="verifyTitle" time="13.583"/>
  <system-out/>
</testsuite> <!-- TestCasePackageAdvance.TC003_PageTitleAndSecuredPage -->
